
CPPTRAJ: Trajectory Analysis. V6.18.1 (AmberTools)
    ___  ___  ___  ___
     | \/ | \/ | \/ | 
    _|_/\_|_/\_|_/\_|_

| Date/time: 05/06/25 15:14:32
| Available memory: 5.492 GB

INPUT: Reading input from 'trunc_cap.in'
  [parm 2oxd.pdb]
	Reading '2oxd.pdb' as PDB File
	Reading bond info from CONECT records.
	Not reading bond info from LINK records.
	Determining bond info from distances.
Warning: Bond length not found for BR - BR, using default= 1.600000
Warning: Bond length not found for H - BR, using default= 1.600000
Warning: Bond length not found for CL - BR, using default= 1.600000
Warning: Bond length not found for O - CL, using default= 1.600000
Warning: Bond length not found for CL - CL, using default= 1.600000
Warning: Bond length not found for CL - NA, using default= 1.600000
Warning: Bond length not found for NA - NA, using default= 1.600000
Warning: Determining bond length parameters from element types for '2oxd.pdb'.
  [reference 2oxd.pdb]
	Reading '2oxd.pdb' as PDB
	Read CRYST1 info from PDB: a=84.876 b=84.876 c=84.876 alpha=109.47 beta=109.47 gamma=109.47
Warning: Low precision truncated octahedron angles detected (109.47 vs 109.471).
Warning:   If desired, the 'box' command can be used during processing
Warning:   to set higher-precision angles.
	Setting active reference for distance-based masks: '2oxd.pdb'
  [trajin 2oxd.pdb]
	Reading '2oxd.pdb' as PDB
	Read CRYST1 info from PDB: a=84.876 b=84.876 c=84.876 alpha=109.47 beta=109.47 gamma=109.47
Warning: Low precision truncated octahedron angles detected (109.47 vs 109.471).
Warning:   If desired, the 'box' command can be used during processing
Warning:   to set higher-precision angles.
Warning: Trajectory box type is 'Truncated octahedron' but topology box type is 'None'.
Warning: Setting topology box information from trajectory.
  [strip !(:10000,247,250,265,271@C,O|:246,249,264,268,327@N,H|:1-245,248,251-263,266-267,272-326|:K32)]
    STRIP: Stripping atoms in mask [!(:10000,247,250,265,271@C,O|:246,249,264,268,327@N,H|:1-245,248,251-263,266-267,272-326|:K32)]
  [strip :WAT,HOH]
    STRIP: Stripping atoms in mask [:WAT,HOH]
  [strip :Na+]
    STRIP: Stripping atoms in mask [:Na+]
  [strip :Cl-]
    STRIP: Stripping atoms in mask [:Cl-]
  [trajout trunc_cap.pdb]
	Writing 'trunc_cap.pdb' as PDB
  [run]
---------- RUN BEGIN -------------------------------------------------

PARAMETER FILES (1 total):
 0: 2oxd.pdb, 40393 atoms, 12023 res, box: Truncated octahedron, 11699 mol, 11630 solvent

INPUT TRAJECTORIES (1 total):
 0: '2oxd.pdb' is a PDB file, Parm 2oxd.pdb (Truncated octahedron box) (reading 1 of 1)
  Coordinate processing will occur on 1 frames.

REFERENCE FRAMES (1 total):
    0: 2oxd.pdb:1
	Active reference frame for distance-based masks is '2oxd.pdb:1'

OUTPUT TRAJECTORIES (1 total):
  'trunc_cap.pdb' (1 frames) is a PDB file

BEGIN TRAJECTORY PROCESSING:
.....................................................
ACTION SETUP FOR PARM '2oxd.pdb' (4 actions):
  0: [strip !(:10000,247,250,265,271@C,O|:246,249,264,268,327@N,H|:1-245,248,251-263,266-267,272-326|:K32)]
	Stripping 35073 atoms.
	Stripped topology: 5320 atoms, 325 res, box: Truncated octahedron, 7 mol, 1 solvent
  1: [strip :WAT,HOH]
	Stripping 1 atoms.
	Stripped topology: 5319 atoms, 324 res, box: Truncated octahedron, 6 mol
  2: [strip :Na+]
	Stripping 0 atoms.
Warning: No atoms to strip. Skipping.
Warning: Setup incomplete for [strip]: Skipping
  3: [strip :Cl-]
	Stripping 0 atoms.
Warning: No atoms to strip. Skipping.
Warning: Setup incomplete for [strip]: Skipping
Warning: No PDB space group specified.
.....................................................
ACTIVE OUTPUT TRAJECTORIES (1):
  trunc_cap.pdb (coordinates, box)
----- 2oxd.pdb (1-1, 1) -----
100% Complete.

Read 1 frames and processed 1 frames.
TIME: Avg. throughput= 30.8775 frames / second.

ACTION OUTPUT:
TIME: Analyses took 0.0000 seconds.

RUN TIMING:
TIME:		Init               : 0.0000 s (  0.02%)
TIME:		Trajectory Process : 0.0324 s ( 99.15%)
TIME:		Action Post        : 0.0000 s (  0.00%)
TIME:		Analysis           : 0.0000 s (  0.00%)
TIME:		Data File Write    : 0.0000 s (  0.00%)
TIME:		Other              : 0.0003 s (  0.01%)
TIME:	Run Total 0.0327 s
---------- RUN END ---------------------------------------------------
  [quit]
TIME: Total execution time: 0.1532 seconds.
--------------------------------------------------------------------------------
To cite CPPTRAJ use:
Daniel R. Roe and Thomas E. Cheatham, III, "PTRAJ and CPPTRAJ: Software for
  Processing and Analysis of Molecular Dynamics Trajectory Data". J. Chem.
  Theory Comput., 2013, 9 (7), pp 3084-3095.

